#
# A fatal error has been detected by the Java Runtime Environment:
#
#  EXCEPTION_ACCESS_VIOLATION (0xc0000005) at pc=0x0000000077b6c494, pid=1244, tid=10208
#
# JRE version: OpenJDK Runtime Environment (11.0.2+9) (build 11.0.2+9)
# Java VM: OpenJDK 64-Bit Server VM (11.0.2+9, mixed mode, tiered, compressed oops, g1 gc, windows-amd64)
# Problematic frame:
# C  [ntdll.dll+0x3c494]
#
# No core dump will be written. Minidumps are not enabled by default on client versions of Windows
#
# If you would like to submit a bug report, please visit:
#   http://bugreport.java.com/bugreport/crash.jsp
# The crash happened outside the Java Virtual Machine in native code.
# See problematic frame for where to report the bug.
#

---------------  S U M M A R Y ------------

Command Line: -Dfile.encoding=UTF-8 --module-path=C:\Users\Margaret\Documents\NetBeansProjects\HardScratch\build\classes hardscratch.HardScratch

Host: Intel(R) Core(TM) i5-3570 CPU @ 3.40GHz, 4 cores, 7G,  Windows 7 , 64 bit Build 7601 (6.1.7601.24354)
Time: Sun Feb 17 15:23:08 2019 Hora estándar romance elapsed time: 0 seconds (0d 0h 0m 0s)

---------------  T H R E A D  ---------------

Current thread (0x000000000026d800):  JavaThread "main" [_thread_in_native, id=10208, stack(0x0000000002050000,0x0000000002150000)]

Stack: [0x0000000002050000,0x0000000002150000],  sp=0x000000000214e5e0,  free space=1017k
Native frames: (J=compiled Java code, j=interpreted, Vv=VM code, C=native code)
C  [ntdll.dll+0x3c494]
C  [USER32.dll+0x15939]
C  [glfw.dll+0x9930]

Java frames: (J=compiled Java code, j=interpreted, Vv=VM code)
j  org.lwjgl.system.JNI.invokePPPP(JIIJJJ)J+0
j  org.lwjgl.glfw.GLFW.nglfwCreateWindow(IIJJJ)J+14
j  org.lwjgl.glfw.GLFW.glfwCreateWindow(IILjava/lang/CharSequence;JJ)J+37
j  hardscratch.base.Display.init()V+39
j  hardscratch.HardScratch.run()V+23
j  hardscratch.HardScratch.main([Ljava/lang/String;)V+7
v  ~StubRoutines::call_stub

siginfo: EXCEPTION_ACCESS_VIOLATION (0xc0000005), reading address 0x0000000000000091


Register to memory mapping:

RIP=0x0000000077b6c494 ntdll.dll
RAX=0x0 is NULL
RBX=0x000000000214e670 is pointing into the stack for thread: 0x000000000026d800
RCX=0xffffffffffffffff is an unknown value
RDX=0x0000000000000091 is an unknown value
RSP=0x000000000214e5e0 is pointing into the stack for thread: 0x000000000026d800
RBP=0x0 is NULL
RSI=0x00000000000000dc is an unknown value
RDI=0x0000000000000091 is an unknown value
R8 =0x000000000214e610 is pointing into the stack for thread: 0x000000000026d800
R9 =0x0000000000000004 is an unknown value
R10=0x0000000000000010 is an unknown value
R11=0x000000000214e670 is pointing into the stack for thread: 0x000000000026d800
R12=0x0 is NULL
R13=0x0000000000000004 is an unknown value
R14=
[error occurred during error reporting (printing register info), id 0xc0000005, EXCEPTION_ACCESS_VIOLATION (0xc0000005) at pc=0x000007fece9f24b6]

Registers:
RAX=0x0000000000000000, RBX=0x000000000214e670, RCX=0xffffffffffffffff, RDX=0x0000000000000091
RSP=0x000000000214e5e0, RBP=0x0000000000000000, RSI=0x00000000000000dc, RDI=0x0000000000000091
R8 =0x000000000214e610, R9 =0x0000000000000004, R10=0x0000000000000010, R11=0x000000000214e670
R12=0x0000000000000000, R13=0x0000000000000004, R14=0x00000000ffffffff, R15=0x0000000000000000
RIP=0x0000000077b6c494, EFLAGS=0x0000000000010286

Top of Stack: (sp=0x000000000214e5e0)
0x000000000214e5e0:   000000000214e7e0 0000000077a45939
0x000000000214e5f0:   0000000000000000 0000000000000039
0x000000000214e600:   0000008000000000 0000000000000044
0x000000000214e610:   0000000000000000 0000000000000091
0x000000000214e620:   000000000026d800 0000000000040008
0x000000000214e630:   0000000061eb1940 0000000000000000
0x000000000214e640:   000000000214e7e0 000007fefc2f9930
0x000000000214e650:   0000000000000001 00000000000000dc
0x000000000214e660:   000000000214e7e4 00000000001f0274
0x000000000214e670:   0000000000000000 0000000000000000
0x000000000214e680:   0000000000000000 0000000000000000
0x000000000214e690:   0000000000000000 0000000000000000
0x000000000214e6a0:   0000000000000000 0000000000000000
0x000000000214e6b0:   000000dc00000000 0000000000000000
0x000000000214e6c0:   0000000000000000 0000000000000000
0x000000000214e6d0:   0000000000000000 0000000000000000 

Instructions: (pc=0x0000000077b6c494)
0x0000000077b6c474:   33 c0 48 89 51 08 66 89 41 02 66 89 01 48 85 d2
0x0000000077b6c484:   74 38 4c 8b c1 48 83 c9 ff 48 89 3c 24 48 8b fa
0x0000000077b6c494:   66 f2 af 48 8b 3c 24 48 f7 d1 48 ff c9 48 03 c9
0x0000000077b6c4a4:   48 81 f9 fe ff 00 00 0f 83 7f dc 03 00 66 41 89 


Stack slot to memory mapping:
stack at sp + 0 slots: 0x000000000214e7e0 is pointing into the stack for thread: 0x000000000026d800
stack at sp + 1 slots: 0x0000000077a45939 USER32.dll
stack at sp + 2 slots: 0x0 is NULL
stack at sp + 3 slots: 0x0000000000000039 is an unknown value
stack at sp + 4 slots: 0x0000008000000000 is an unknown value
stack at sp + 5 slots: 0x0000000000000044 is an unknown value
stack at sp + 6 slots: 0x0 is NULL
stack at sp + 7 slots: 0x0000000000000091 is an unknown value


---------------  P R O C E S S  ---------------

Threads class SMR info:
_java_thread_list=0x00000000631efa00, length=10, elements={
0x000000000026d800, 0x0000000061fcd800, 0x0000000061fce800, 0x000000006201d800,
0x000000006201e800, 0x0000000062020000, 0x0000000062025800, 0x0000000062029000,
0x00000000630b3800, 0x00000000631e5000
}

Java Threads: ( => current thread )
=>0x000000000026d800 JavaThread "main" [_thread_in_native, id=10208, stack(0x0000000002050000,0x0000000002150000)]
  0x0000000061fcd800 JavaThread "Reference Handler" daemon [_thread_blocked, id=5692, stack(0x0000000062380000,0x0000000062480000)]
  0x0000000061fce800 JavaThread "Finalizer" daemon [_thread_blocked, id=9628, stack(0x0000000062580000,0x0000000062680000)]
  0x000000006201d800 JavaThread "Signal Dispatcher" daemon [_thread_blocked, id=9644, stack(0x0000000062740000,0x0000000062840000)]
  0x000000006201e800 JavaThread "Attach Listener" daemon [_thread_blocked, id=6192, stack(0x00000000629e0000,0x0000000062ae0000)]
  0x0000000062020000 JavaThread "C2 CompilerThread0" daemon [_thread_blocked, id=3800, stack(0x0000000062c10000,0x0000000062d10000)]
  0x0000000062025800 JavaThread "C1 CompilerThread0" daemon [_thread_blocked, id=5204, stack(0x0000000062da0000,0x0000000062ea0000)]
  0x0000000062029000 JavaThread "Sweeper thread" daemon [_thread_blocked, id=836, stack(0x0000000062f20000,0x0000000063020000)]
  0x00000000630b3800 JavaThread "Common-Cleaner" daemon [_thread_blocked, id=6596, stack(0x0000000063500000,0x0000000063600000)]
  0x00000000631e5000 JavaThread "Service Thread" daemon [_thread_blocked, id=2920, stack(0x00000000636d0000,0x00000000637d0000)]

Other Threads:
  0x0000000061fcb800 VMThread "VM Thread" [stack: 0x0000000062250000,0x0000000062350000] [id=9948]
  0x00000000631e6000 WatcherThread [stack: 0x0000000063940000,0x0000000063a40000] [id=2992]
  0x0000000000281000 GCTaskThread "GC Thread#0" [stack: 0x0000000019b50000,0x0000000019c50000] [id=9588]
  0x00000000002b6000 ConcurrentGCThread "G1 Main Marker" [stack: 0x000000001ec20000,0x000000001ed20000] [id=2564]
  0x00000000002b7800 ConcurrentGCThread "G1 Conc#0" [stack: 0x000000001eed0000,0x000000001efd0000] [id=9892]
  0x000000002135d800 ConcurrentGCThread "G1 Refine#0" [stack: 0x00000000214d0000,0x00000000215d0000] [id=6712]
  0x000000002135e800 ConcurrentGCThread "G1 Young RemSet Sampling" [stack: 0x00000000215d0000,0x00000000216d0000] [id=5132]

Threads with active compile tasks:

VM state:not at safepoint (normal execution)

VM Mutex/Monitor currently owned by a thread: None

Heap address: 0x0000000081a00000, size: 2022 MB, Compressed Oops mode: 32-bit
Narrow klass base: 0x0000000000000000, Narrow klass shift: 0
Compressed class space size: 1073741824 Address: 0x00000000216d0000

Heap:
 garbage-first heap   total 131072K, used 5120K [0x0000000081a00000, 0x0000000100000000)
  region size 1024K, 6 young (6144K), 0 survivors (0K)
 Metaspace       used 8870K, capacity 9131K, committed 9344K, reserved 1058816K
  class space    used 779K, capacity 856K, committed 896K, reserved 1048576K
Heap Regions: E=young(eden), S=young(survivor), O=old, HS=humongous(starts), HC=humongous(continues), CS=collection set, F=free, A=archive, TAMS=top-at-mark-start (previous, next)
|   0|0x0000000081a00000, 0x0000000081a00000, 0x0000000081b00000|  0%| F|  |TAMS 0x0000000081a00000, 0x0000000081a00000| Untracked 
|   1|0x0000000081b00000, 0x0000000081b00000, 0x0000000081c00000|  0%| F|  |TAMS 0x0000000081b00000, 0x0000000081b00000| Untracked 
|   2|0x0000000081c00000, 0x0000000081c00000, 0x0000000081d00000|  0%| F|  |TAMS 0x0000000081c00000, 0x0000000081c00000| Untracked 
|   3|0x0000000081d00000, 0x0000000081d00000, 0x0000000081e00000|  0%| F|  |TAMS 0x0000000081d00000, 0x0000000081d00000| Untracked 
|   4|0x0000000081e00000, 0x0000000081e00000, 0x0000000081f00000|  0%| F|  |TAMS 0x0000000081e00000, 0x0000000081e00000| Untracked 
|   5|0x0000000081f00000, 0x0000000081f00000, 0x0000000082000000|  0%| F|  |TAMS 0x0000000081f00000, 0x0000000081f00000| Untracked 
|   6|0x0000000082000000, 0x0000000082000000, 0x0000000082100000|  0%| F|  |TAMS 0x0000000082000000, 0x0000000082000000| Untracked 
|   7|0x0000000082100000, 0x0000000082100000, 0x0000000082200000|  0%| F|  |TAMS 0x0000000082100000, 0x0000000082100000| Untracked 
|   8|0x0000000082200000, 0x0000000082200000, 0x0000000082300000|  0%| F|  |TAMS 0x0000000082200000, 0x0000000082200000| Untracked 
|   9|0x0000000082300000, 0x0000000082300000, 0x0000000082400000|  0%| F|  |TAMS 0x0000000082300000, 0x0000000082300000| Untracked 
|  10|0x0000000082400000, 0x0000000082400000, 0x0000000082500000|  0%| F|  |TAMS 0x0000000082400000, 0x0000000082400000| Untracked 
|  11|0x0000000082500000, 0x0000000082500000, 0x0000000082600000|  0%| F|  |TAMS 0x0000000082500000, 0x0000000082500000| Untracked 
|  12|0x0000000082600000, 0x0000000082600000, 0x0000000082700000|  0%| F|  |TAMS 0x0000000082600000, 0x0000000082600000| Untracked 
|  13|0x0000000082700000, 0x0000000082700000, 0x0000000082800000|  0%| F|  |TAMS 0x0000000082700000, 0x0000000082700000| Untracked 
|  14|0x0000000082800000, 0x0000000082800000, 0x0000000082900000|  0%| F|  |TAMS 0x0000000082800000, 0x0000000082800000| Untracked 
|  15|0x0000000082900000, 0x0000000082900000, 0x0000000082a00000|  0%| F|  |TAMS 0x0000000082900000, 0x0000000082900000| Untracked 
|  16|0x0000000082a00000, 0x0000000082a00000, 0x0000000082b00000|  0%| F|  |TAMS 0x0000000082a00000, 0x0000000082a00000| Untracked 
|  17|0x0000000082b00000, 0x0000000082b00000, 0x0000000082c00000|  0%| F|  |TAMS 0x0000000082b00000, 0x0000000082b00000| Untracked 
|  18|0x0000000082c00000, 0x0000000082c00000, 0x0000000082d00000|  0%| F|  |TAMS 0x0000000082c00000, 0x0000000082c00000| Untracked 
|  19|0x0000000082d00000, 0x0000000082d00000, 0x0000000082e00000|  0%| F|  |TAMS 0x0000000082d00000, 0x0000000082d00000| Untracked 
|  20|0x0000000082e00000, 0x0000000082e00000, 0x0000000082f00000|  0%| F|  |TAMS 0x0000000082e00000, 0x0000000082e00000| Untracked 
|  21|0x0000000082f00000, 0x0000000082f00000, 0x0000000083000000|  0%| F|  |TAMS 0x0000000082f00000, 0x0000000082f00000| Untracked 
|  22|0x0000000083000000, 0x0000000083000000, 0x0000000083100000|  0%| F|  |TAMS 0x0000000083000000, 0x0000000083000000| Untracked 
|  23|0x0000000083100000, 0x0000000083100000, 0x0000000083200000|  0%| F|  |TAMS 0x0000000083100000, 0x0000000083100000| Untracked 
|  24|0x0000000083200000, 0x0000000083200000, 0x0000000083300000|  0%| F|  |TAMS 0x0000000083200000, 0x0000000083200000| Untracked 
|  25|0x0000000083300000, 0x0000000083300000, 0x0000000083400000|  0%| F|  |TAMS 0x0000000083300000, 0x0000000083300000| Untracked 
|  26|0x0000000083400000, 0x0000000083400000, 0x0000000083500000|  0%| F|  |TAMS 0x0000000083400000, 0x0000000083400000| Untracked 
|  27|0x0000000083500000, 0x0000000083500000, 0x0000000083600000|  0%| F|  |TAMS 0x0000000083500000, 0x0000000083500000| Untracked 
|  28|0x0000000083600000, 0x0000000083600000, 0x0000000083700000|  0%| F|  |TAMS 0x0000000083600000, 0x0000000083600000| Untracked 
|  29|0x0000000083700000, 0x0000000083700000, 0x0000000083800000|  0%| F|  |TAMS 0x0000000083700000, 0x0000000083700000| Untracked 
|  30|0x0000000083800000, 0x0000000083800000, 0x0000000083900000|  0%| F|  |TAMS 0x0000000083800000, 0x0000000083800000| Untracked 
|  31|0x0000000083900000, 0x0000000083900000, 0x0000000083a00000|  0%| F|  |TAMS 0x0000000083900000, 0x0000000083900000| Untracked 
|  32|0x0000000083a00000, 0x0000000083a00000, 0x0000000083b00000|  0%| F|  |TAMS 0x0000000083a00000, 0x0000000083a00000| Untracked 
|  33|0x0000000083b00000, 0x0000000083b00000, 0x0000000083c00000|  0%| F|  |TAMS 0x0000000083b00000, 0x0000000083b00000| Untracked 
|  34|0x0000000083c00000, 0x0000000083c00000, 0x0000000083d00000|  0%| F|  |TAMS 0x0000000083c00000, 0x0000000083c00000| Untracked 
|  35|0x0000000083d00000, 0x0000000083d00000, 0x0000000083e00000|  0%| F|  |TAMS 0x0000000083d00000, 0x0000000083d00000| Untracked 
|  36|0x0000000083e00000, 0x0000000083e00000, 0x0000000083f00000|  0%| F|  |TAMS 0x0000000083e00000, 0x0000000083e00000| Untracked 
|  37|0x0000000083f00000, 0x0000000083f00000, 0x0000000084000000|  0%| F|  |TAMS 0x0000000083f00000, 0x0000000083f00000| Untracked 
|  38|0x0000000084000000, 0x0000000084000000, 0x0000000084100000|  0%| F|  |TAMS 0x0000000084000000, 0x0000000084000000| Untracked 
|  39|0x0000000084100000, 0x0000000084100000, 0x0000000084200000|  0%| F|  |TAMS 0x0000000084100000, 0x0000000084100000| Untracked 
|  40|0x0000000084200000, 0x0000000084200000, 0x0000000084300000|  0%| F|  |TAMS 0x0000000084200000, 0x0000000084200000| Untracked 
|  41|0x0000000084300000, 0x0000000084300000, 0x0000000084400000|  0%| F|  |TAMS 0x0000000084300000, 0x0000000084300000| Untracked 
|  42|0x0000000084400000, 0x0000000084400000, 0x0000000084500000|  0%| F|  |TAMS 0x0000000084400000, 0x0000000084400000| Untracked 
|  43|0x0000000084500000, 0x0000000084500000, 0x0000000084600000|  0%| F|  |TAMS 0x0000000084500000, 0x0000000084500000| Untracked 
|  44|0x0000000084600000, 0x0000000084600000, 0x0000000084700000|  0%| F|  |TAMS 0x0000000084600000, 0x0000000084600000| Untracked 
|  45|0x0000000084700000, 0x0000000084700000, 0x0000000084800000|  0%| F|  |TAMS 0x0000000084700000, 0x0000000084700000| Untracked 
|  46|0x0000000084800000, 0x0000000084800000, 0x0000000084900000|  0%| F|  |TAMS 0x0000000084800000, 0x0000000084800000| Untracked 
|  47|0x0000000084900000, 0x0000000084900000, 0x0000000084a00000|  0%| F|  |TAMS 0x0000000084900000, 0x0000000084900000| Untracked 
|  48|0x0000000084a00000, 0x0000000084a00000, 0x0000000084b00000|  0%| F|  |TAMS 0x0000000084a00000, 0x0000000084a00000| Untracked 
|  49|0x0000000084b00000, 0x0000000084b00000, 0x0000000084c00000|  0%| F|  |TAMS 0x0000000084b00000, 0x0000000084b00000| Untracked 
|  50|0x0000000084c00000, 0x0000000084c00000, 0x0000000084d00000|  0%| F|  |TAMS 0x0000000084c00000, 0x0000000084c00000| Untracked 
|  51|0x0000000084d00000, 0x0000000084d00000, 0x0000000084e00000|  0%| F|  |TAMS 0x0000000084d00000, 0x0000000084d00000| Untracked 
|  52|0x0000000084e00000, 0x0000000084e00000, 0x0000000084f00000|  0%| F|  |TAMS 0x0000000084e00000, 0x0000000084e00000| Untracked 
|  53|0x0000000084f00000, 0x0000000084f00000, 0x0000000085000000|  0%| F|  |TAMS 0x0000000084f00000, 0x0000000084f00000| Untracked 
|  54|0x0000000085000000, 0x0000000085000000, 0x0000000085100000|  0%| F|  |TAMS 0x0000000085000000, 0x0000000085000000| Untracked 
|  55|0x0000000085100000, 0x0000000085100000, 0x0000000085200000|  0%| F|  |TAMS 0x0000000085100000, 0x0000000085100000| Untracked 
|  56|0x0000000085200000, 0x0000000085200000, 0x0000000085300000|  0%| F|  |TAMS 0x0000000085200000, 0x0000000085200000| Untracked 
|  57|0x0000000085300000, 0x0000000085300000, 0x0000000085400000|  0%| F|  |TAMS 0x0000000085300000, 0x0000000085300000| Untracked 
|  58|0x0000000085400000, 0x0000000085400000, 0x0000000085500000|  0%| F|  |TAMS 0x0000000085400000, 0x0000000085400000| Untracked 
|  59|0x0000000085500000, 0x0000000085500000, 0x0000000085600000|  0%| F|  |TAMS 0x0000000085500000, 0x0000000085500000| Untracked 
|  60|0x0000000085600000, 0x0000000085600000, 0x0000000085700000|  0%| F|  |TAMS 0x0000000085600000, 0x0000000085600000| Untracked 
|  61|0x0000000085700000, 0x0000000085700000, 0x0000000085800000|  0%| F|  |TAMS 0x0000000085700000, 0x0000000085700000| Untracked 
|  62|0x0000000085800000, 0x0000000085800000, 0x0000000085900000|  0%| F|  |TAMS 0x0000000085800000, 0x0000000085800000| Untracked 
|  63|0x0000000085900000, 0x0000000085900000, 0x0000000085a00000|  0%| F|  |TAMS 0x0000000085900000, 0x0000000085900000| Untracked 
|  64|0x0000000085a00000, 0x0000000085a00000, 0x0000000085b00000|  0%| F|  |TAMS 0x0000000085a00000, 0x0000000085a00000| Untracked 
|  65|0x0000000085b00000, 0x0000000085b00000, 0x0000000085c00000|  0%| F|  |TAMS 0x0000000085b00000, 0x0000000085b00000| Untracked 
|  66|0x0000000085c00000, 0x0000000085c00000, 0x0000000085d00000|  0%| F|  |TAMS 0x0000000085c00000, 0x0000000085c00000| Untracked 
|  67|0x0000000085d00000, 0x0000000085d00000, 0x0000000085e00000|  0%| F|  |TAMS 0x0000000085d00000, 0x0000000085d00000| Untracked 
|  68|0x0000000085e00000, 0x0000000085e00000, 0x0000000085f00000|  0%| F|  |TAMS 0x0000000085e00000, 0x0000000085e00000| Untracked 
|  69|0x0000000085f00000, 0x0000000085f00000, 0x0000000086000000|  0%| F|  |TAMS 0x0000000085f00000, 0x0000000085f00000| Untracked 
|  70|0x0000000086000000, 0x0000000086000000, 0x0000000086100000|  0%| F|  |TAMS 0x0000000086000000, 0x0000000086000000| Untracked 
|  71|0x0000000086100000, 0x0000000086100000, 0x0000000086200000|  0%| F|  |TAMS 0x0000000086100000, 0x0000000086100000| Untracked 
|  72|0x0000000086200000, 0x0000000086200000, 0x0000000086300000|  0%| F|  |TAMS 0x0000000086200000, 0x0000000086200000| Untracked 
|  73|0x0000000086300000, 0x0000000086300000, 0x0000000086400000|  0%| F|  |TAMS 0x0000000086300000, 0x0000000086300000| Untracked 
|  74|0x0000000086400000, 0x0000000086400000, 0x0000000086500000|  0%| F|  |TAMS 0x0000000086400000, 0x0000000086400000| Untracked 
|  75|0x0000000086500000, 0x0000000086500000, 0x0000000086600000|  0%| F|  |TAMS 0x0000000086500000, 0x0000000086500000| Untracked 
|  76|0x0000000086600000, 0x0000000086600000, 0x0000000086700000|  0%| F|  |TAMS 0x0000000086600000, 0x0000000086600000| Untracked 
|  77|0x0000000086700000, 0x0000000086700000, 0x0000000086800000|  0%| F|  |TAMS 0x0000000086700000, 0x0000000086700000| Untracked 
|  78|0x0000000086800000, 0x0000000086800000, 0x0000000086900000|  0%| F|  |TAMS 0x0000000086800000, 0x0000000086800000| Untracked 
|  79|0x0000000086900000, 0x0000000086900000, 0x0000000086a00000|  0%| F|  |TAMS 0x0000000086900000, 0x0000000086900000| Untracked 
|  80|0x0000000086a00000, 0x0000000086a00000, 0x0000000086b00000|  0%| F|  |TAMS 0x0000000086a00000, 0x0000000086a00000| Untracked 
|  81|0x0000000086b00000, 0x0000000086b00000, 0x0000000086c00000|  0%| F|  |TAMS 0x0000000086b00000, 0x0000000086b00000| Untracked 
|  82|0x0000000086c00000, 0x0000000086c00000, 0x0000000086d00000|  0%| F|  |TAMS 0x0000000086c00000, 0x0000000086c00000| Untracked 
|  83|0x0000000086d00000, 0x0000000086d00000, 0x0000000086e00000|  0%| F|  |TAMS 0x0000000086d00000, 0x0000000086d00000| Untracked 
|  84|0x0000000086e00000, 0x0000000086e00000, 0x0000000086f00000|  0%| F|  |TAMS 0x0000000086e00000, 0x0000000086e00000| Untracked 
|  85|0x0000000086f00000, 0x0000000086f00000, 0x0000000087000000|  0%| F|  |TAMS 0x0000000086f00000, 0x0000000086f00000| Untracked 
|  86|0x0000000087000000, 0x0000000087000000, 0x0000000087100000|  0%| F|  |TAMS 0x0000000087000000, 0x0000000087000000| Untracked 
|  87|0x0000000087100000, 0x0000000087100000, 0x0000000087200000|  0%| F|  |TAMS 0x0000000087100000, 0x0000000087100000| Untracked 
|  88|0x0000000087200000, 0x0000000087200000, 0x0000000087300000|  0%| F|  |TAMS 0x0000000087200000, 0x0000000087200000| Untracked 
|  89|0x0000000087300000, 0x0000000087300000, 0x0000000087400000|  0%| F|  |TAMS 0x0000000087300000, 0x0000000087300000| Untracked 
|  90|0x0000000087400000, 0x0000000087400000, 0x0000000087500000|  0%| F|  |TAMS 0x0000000087400000, 0x0000000087400000| Untracked 
|  91|0x0000000087500000, 0x0000000087500000, 0x0000000087600000|  0%| F|  |TAMS 0x0000000087500000, 0x0000000087500000| Untracked 
|  92|0x0000000087600000, 0x0000000087600000, 0x0000000087700000|  0%| F|  |TAMS 0x0000000087600000, 0x0000000087600000| Untracked 
|  93|0x0000000087700000, 0x0000000087700000, 0x0000000087800000|  0%| F|  |TAMS 0x0000000087700000, 0x0000000087700000| Untracked 
|  94|0x0000000087800000, 0x0000000087800000, 0x0000000087900000|  0%| F|  |TAMS 0x0000000087800000, 0x0000000087800000| Untracked 
|  95|0x0000000087900000, 0x0000000087900000, 0x0000000087a00000|  0%| F|  |TAMS 0x0000000087900000, 0x0000000087900000| Untracked 
|  96|0x0000000087a00000, 0x0000000087a00000, 0x0000000087b00000|  0%| F|  |TAMS 0x0000000087a00000, 0x0000000087a00000| Untracked 
|  97|0x0000000087b00000, 0x0000000087b00000, 0x0000000087c00000|  0%| F|  |TAMS 0x0000000087b00000, 0x0000000087b00000| Untracked 
|  98|0x0000000087c00000, 0x0000000087c00000, 0x0000000087d00000|  0%| F|  |TAMS 0x0000000087c00000, 0x0000000087c00000| Untracked 
|  99|0x0000000087d00000, 0x0000000087d00000, 0x0000000087e00000|  0%| F|  |TAMS 0x0000000087d00000, 0x0000000087d00000| Untracked 
| 100|0x0000000087e00000, 0x0000000087e00000, 0x0000000087f00000|  0%| F|  |TAMS 0x0000000087e00000, 0x0000000087e00000| Untracked 
| 101|0x0000000087f00000, 0x0000000087f00000, 0x0000000088000000|  0%| F|  |TAMS 0x0000000087f00000, 0x0000000087f00000| Untracked 
| 102|0x0000000088000000, 0x0000000088000000, 0x0000000088100000|  0%| F|  |TAMS 0x0000000088000000, 0x0000000088000000| Untracked 
| 103|0x0000000088100000, 0x0000000088100000, 0x0000000088200000|  0%| F|  |TAMS 0x0000000088100000, 0x0000000088100000| Untracked 
| 104|0x0000000088200000, 0x0000000088200000, 0x0000000088300000|  0%| F|  |TAMS 0x0000000088200000, 0x0000000088200000| Untracked 
| 105|0x0000000088300000, 0x0000000088300000, 0x0000000088400000|  0%| F|  |TAMS 0x0000000088300000, 0x0000000088300000| Untracked 
| 106|0x0000000088400000, 0x0000000088400000, 0x0000000088500000|  0%| F|  |TAMS 0x0000000088400000, 0x0000000088400000| Untracked 
| 107|0x0000000088500000, 0x0000000088500000, 0x0000000088600000|  0%| F|  |TAMS 0x0000000088500000, 0x0000000088500000| Untracked 
| 108|0x0000000088600000, 0x0000000088600000, 0x0000000088700000|  0%| F|  |TAMS 0x0000000088600000, 0x0000000088600000| Untracked 
| 109|0x0000000088700000, 0x0000000088700000, 0x0000000088800000|  0%| F|  |TAMS 0x0000000088700000, 0x0000000088700000| Untracked 
| 110|0x0000000088800000, 0x0000000088800000, 0x0000000088900000|  0%| F|  |TAMS 0x0000000088800000, 0x0000000088800000| Untracked 
| 111|0x0000000088900000, 0x0000000088900000, 0x0000000088a00000|  0%| F|  |TAMS 0x0000000088900000, 0x0000000088900000| Untracked 
| 112|0x0000000088a00000, 0x0000000088a00000, 0x0000000088b00000|  0%| F|  |TAMS 0x0000000088a00000, 0x0000000088a00000| Untracked 
| 113|0x0000000088b00000, 0x0000000088b00000, 0x0000000088c00000|  0%| F|  |TAMS 0x0000000088b00000, 0x0000000088b00000| Untracked 
| 114|0x0000000088c00000, 0x0000000088c00000, 0x0000000088d00000|  0%| F|  |TAMS 0x0000000088c00000, 0x0000000088c00000| Untracked 
| 115|0x0000000088d00000, 0x0000000088d00000, 0x0000000088e00000|  0%| F|  |TAMS 0x0000000088d00000, 0x0000000088d00000| Untracked 
| 116|0x0000000088e00000, 0x0000000088e00000, 0x0000000088f00000|  0%| F|  |TAMS 0x0000000088e00000, 0x0000000088e00000| Untracked 
| 117|0x0000000088f00000, 0x0000000088f00000, 0x0000000089000000|  0%| F|  |TAMS 0x0000000088f00000, 0x0000000088f00000| Untracked 
| 118|0x0000000089000000, 0x0000000089000000, 0x0000000089100000|  0%| F|  |TAMS 0x0000000089000000, 0x0000000089000000| Untracked 
| 119|0x0000000089100000, 0x0000000089100000, 0x0000000089200000|  0%| F|  |TAMS 0x0000000089100000, 0x0000000089100000| Untracked 
| 120|0x0000000089200000, 0x0000000089200000, 0x0000000089300000|  0%| F|  |TAMS 0x0000000089200000, 0x0000000089200000| Untracked 
| 121|0x0000000089300000, 0x0000000089300000, 0x0000000089400000|  0%| F|  |TAMS 0x0000000089300000, 0x0000000089300000| Untracked 
| 122|0x0000000089400000, 0x000000008949db70, 0x0000000089500000| 61%| E|  |TAMS 0x0000000089400000, 0x0000000089400000| Complete 
| 123|0x0000000089500000, 0x0000000089600000, 0x0000000089600000|100%| E|CS|TAMS 0x0000000089500000, 0x0000000089500000| Complete 
| 124|0x0000000089600000, 0x0000000089700000, 0x0000000089700000|100%| E|CS|TAMS 0x0000000089600000, 0x0000000089600000| Complete 
| 125|0x0000000089700000, 0x0000000089800000, 0x0000000089800000|100%| E|CS|TAMS 0x0000000089700000, 0x0000000089700000| Complete 
| 126|0x0000000089800000, 0x0000000089900000, 0x0000000089900000|100%| E|CS|TAMS 0x0000000089800000, 0x0000000089800000| Complete 
| 127|0x0000000089900000, 0x0000000089a00000, 0x0000000089a00000|100%| E|CS|TAMS 0x0000000089900000, 0x0000000089900000| Complete 

Card table byte_map: [0x000000001a490000,0x000000001a890000] _byte_map_base: 0x000000001a083000

Marking Bits (Prev, Next): (CMBitMap*) 0x00000000002ad538, (CMBitMap*) 0x00000000002ad570
 Prev Bits: [0x000000001ac90000, 0x000000001cc28000)
 Next Bits: [0x000000001cc30000, 0x000000001ebc8000)

Polling page: 0x0000000001f60000

Metaspace:

Usage:
  Non-class:      8.08 MB capacity,     7.90 MB ( 98%) used,   172.45 KB (  2%) free+waste,    11.69 KB ( <1%) overhead. 
      Class:    856.00 KB capacity,   779.46 KB ( 91%) used,    70.79 KB (  8%) free+waste,     5.75 KB ( <1%) overhead. 
       Both:      8.92 MB capacity,     8.66 MB ( 97%) used,   243.23 KB (  3%) free+waste,    17.44 KB ( <1%) overhead. 

Virtual space:
  Non-class space:       10.00 MB reserved,       8.25 MB ( 83%) committed 
      Class space:        1.00 GB reserved,     896.00 KB ( <1%) committed 
             Both:        1.01 GB reserved,       9.13 MB ( <1%) committed 

Chunk freelists:
   Non-Class:  5.63 KB
       Class:  1.00 KB
        Both:  6.63 KB

CodeHeap 'non-profiled nmethods': size=120064Kb used=156Kb max_used=156Kb free=119907Kb
 bounds [0x0000000012450000, 0x00000000126c0000, 0x0000000019990000]
CodeHeap 'profiled nmethods': size=120000Kb used=750Kb max_used=750Kb free=119249Kb
 bounds [0x000000000af20000, 0x000000000b190000, 0x0000000012450000]
CodeHeap 'non-nmethods': size=5696Kb used=1366Kb max_used=1366Kb free=4329Kb
 bounds [0x000000000a990000, 0x000000000ac00000, 0x000000000af20000]
 total_blobs=1467 nmethods=539 adapters=741
 compilation: enabled
              stopped_count=0, restarted_count=0
 full_count=0

Compilation events (10 events):
Event: 0.336 Thread 0x0000000062025800  532       3       sun.misc.Unsafe::putByte (9 bytes)
Event: 0.336 Thread 0x0000000062025800 nmethod 532 0x000000000afd9f90 code [0x000000000afda140, 0x000000000afda318]
Event: 0.336 Thread 0x0000000062025800  533       3       jdk.internal.misc.Unsafe::putByte (8 bytes)
Event: 0.337 Thread 0x0000000062025800 nmethod 533 0x000000000afda410 code [0x000000000afda5c0, 0x000000000afda738]
Event: 0.337 Thread 0x0000000062025800  535       3       sun.misc.Unsafe::putInt (11 bytes)
Event: 0.337 Thread 0x0000000062025800 nmethod 535 0x000000000afda810 code [0x000000000afda9c0, 0x000000000afdab18]
Event: 0.337 Thread 0x0000000062025800  538       3       org.lwjgl.system.MemoryUtil::encodeASCII (66 bytes)
Event: 0.338 Thread 0x0000000062025800 nmethod 538 0x000000000afdab90 code [0x000000000afdada0, 0x000000000afdb380]
Event: 0.338 Thread 0x0000000062025800  539       3       java.lang.String::toLowerCase (29 bytes)
Event: 0.338 Thread 0x0000000062025800 nmethod 539 0x000000000afdb590 code [0x000000000afdb760, 0x000000000afdba60]

GC Heap History (0 events):
No events

Deoptimization events (3 events):
Event: 0.107 Thread 0x000000000026d800 Uncommon trap: reason=unstable_if action=reinterpret pc=0x0000000012455be8 method=java.lang.String.isLatin1()Z @ 10 c2
Event: 0.134 Thread 0x000000000026d800 Uncommon trap: reason=unstable_if action=reinterpret pc=0x0000000012455100 method=java.lang.String.isLatin1()Z @ 10 c2
Event: 0.147 Thread 0x000000000026d800 Uncommon trap: reason=unstable_if action=reinterpret pc=0x0000000012460524 method=java.util.HashMap.putVal(ILjava/lang/Object;Ljava/lang/Object;ZZ)Ljava/lang/Object; @ 81 c2

Classes redefined (0 events):
No events

Internal exceptions (6 events):
Event: 0.115 Thread 0x000000000026d800 Exception <a 'sun/nio/fs/WindowsException'{0x00000000898559e8}> (0x00000000898559e8) thrown at [t:/workspace/open/src/hotspot/share/prims/jni.cpp, line 615]
Event: 0.116 Thread 0x000000000026d800 Exception <a 'sun/nio/fs/WindowsException'{0x0000000089855f30}> (0x0000000089855f30) thrown at [t:/workspace/open/src/hotspot/share/prims/jni.cpp, line 615]
Event: 0.118 Thread 0x000000000026d800 Exception <a 'sun/nio/fs/WindowsException'{0x0000000089858330}> (0x0000000089858330) thrown at [t:/workspace/open/src/hotspot/share/prims/jni.cpp, line 615]
Event: 0.118 Thread 0x000000000026d800 Exception <a 'sun/nio/fs/WindowsException'{0x0000000089858dc0}> (0x0000000089858dc0) thrown at [t:/workspace/open/src/hotspot/share/prims/jni.cpp, line 615]
Event: 0.205 Thread 0x000000000026d800 Exception <a 'java/lang/NoSuchMethodError'{0x0000000089511d10}: java.lang.invoke.DelegatingMethodHandle$Holder.delegate(Ljava/lang/Object;Ljava/lang/Object;ILjava/lang/Object;)V> (0x0000000089511d10) thrown at [t:/workspace/open/src/hotspot/share/interpre
Event: 0.206 Thread 0x000000000026d800 Exception <a 'java/lang/NoSuchMethodError'{0x00000000895190c0}: java.lang.invoke.DirectMethodHandle$Holder.invokeStaticInit(Ljava/lang/Object;Ljava/lang/Object;Ljava/lang/Object;)Ljava/lang/Object;> (0x00000000895190c0) thrown at [t:/workspace/open/src/ho

Events (10 events):
Event: 0.332 loading class org/lwjgl/BufferUtils
Event: 0.332 loading class org/lwjgl/BufferUtils done
Event: 0.332 loading class org/lwjgl/system/windows/WinBase
Event: 0.332 loading class org/lwjgl/system/windows/WinBase done
Event: 0.335 loading class org/lwjgl/glfw/GLFW$Functions
Event: 0.335 loading class org/lwjgl/glfw/GLFW$Functions done
Event: 0.337 loading class org/lwjgl/system/JNI
Event: 0.337 loading class org/lwjgl/system/JNI done
Event: 0.534 loading class org/lwjgl/glfw/EventLoop$OffScreen
Event: 0.534 loading class org/lwjgl/glfw/EventLoop$OffScreen done


Dynamic libraries:
0x000000013fb10000 - 0x000000013fb55000 	C:\Program Files\jdk-11.0.2\bin\java.exe
0x0000000077b30000 - 0x0000000077ccf000 	C:\Windows\SYSTEM32\ntdll.dll
0x0000000077910000 - 0x0000000077a2f000 	C:\Windows\system32\kernel32.dll
0x000007fefd960000 - 0x000007fefd9ca000 	C:\Windows\system32\KERNELBASE.dll
0x0000000077a30000 - 0x0000000077b2a000 	C:\Windows\system32\USER32.dll
0x000007fefe8a0000 - 0x000007fefe907000 	C:\Windows\system32\GDI32.dll
0x000007fefddd0000 - 0x000007fefddde000 	C:\Windows\system32\LPK.dll
0x000007feffc70000 - 0x000007feffd3b000 	C:\Windows\system32\USP10.dll
0x000007feffbd0000 - 0x000007feffc6f000 	C:\Windows\system32\msvcrt.dll
0x000007fefbe30000 - 0x000007fefc024000 	C:\Windows\WinSxS\amd64_microsoft.windows.common-controls_6595b64144ccf1df_6.0.7601.18837_none_fa3b1e3d17594757\COMCTL32.dll
0x000007fefe170000 - 0x000007fefe1e1000 	C:\Windows\system32\SHLWAPI.dll
0x000007fefeb40000 - 0x000007fefeb6e000 	C:\Windows\system32\IMM32.DLL
0x000007fefe740000 - 0x000007fefe849000 	C:\Windows\system32\MSCTF.dll
0x000007fefc8d0000 - 0x000007fefc8d3000 	C:\Windows\system32\api-ms-win-core-synch-l1-2-0.DLL
0x000007fecfd40000 - 0x000007fecfd56000 	C:\Program Files\jdk-11.0.2\bin\vcruntime140.dll
0x000007fecfd30000 - 0x000007fecfd34000 	C:\Program Files\jdk-11.0.2\bin\api-ms-win-crt-runtime-l1-1-0.dll
0x000007fef6d60000 - 0x000007fef6e56000 	C:\Program Files\jdk-11.0.2\bin\ucrtbase.DLL
0x000007fefc840000 - 0x000007fefc843000 	C:\Program Files\jdk-11.0.2\bin\api-ms-win-core-localization-l1-2-0.dll
0x000007fefc770000 - 0x000007fefc773000 	C:\Program Files\jdk-11.0.2\bin\api-ms-win-core-processthreads-l1-1-1.dll
0x000007fefc730000 - 0x000007fefc733000 	C:\Program Files\jdk-11.0.2\bin\api-ms-win-core-file-l1-2-0.dll
0x000007fefc6c0000 - 0x000007fefc6c3000 	C:\Program Files\jdk-11.0.2\bin\api-ms-win-core-timezone-l1-1-0.dll
0x000007fefc6b0000 - 0x000007fefc6b3000 	C:\Program Files\jdk-11.0.2\bin\api-ms-win-core-file-l2-1-0.dll
0x000007fecfd20000 - 0x000007fecfd24000 	C:\Program Files\jdk-11.0.2\bin\api-ms-win-crt-string-l1-1-0.dll
0x000007fecfd10000 - 0x000007fecfd13000 	C:\Program Files\jdk-11.0.2\bin\api-ms-win-crt-heap-l1-1-0.dll
0x000007fecfd00000 - 0x000007fecfd04000 	C:\Program Files\jdk-11.0.2\bin\api-ms-win-crt-stdio-l1-1-0.dll
0x000007fecfcf0000 - 0x000007fecfcf4000 	C:\Program Files\jdk-11.0.2\bin\api-ms-win-crt-convert-l1-1-0.dll
0x000007fecf530000 - 0x000007fecf5da000 	C:\Program Files\jdk-11.0.2\bin\msvcp140.dll
0x000007fecf520000 - 0x000007fecf523000 	C:\Program Files\jdk-11.0.2\bin\api-ms-win-crt-locale-l1-1-0.dll
0x000007fecfcc0000 - 0x000007fecfcc5000 	C:\Program Files\jdk-11.0.2\bin\api-ms-win-crt-math-l1-1-0.dll
0x000007fecf510000 - 0x000007fecf515000 	C:\Program Files\jdk-11.0.2\bin\api-ms-win-crt-multibyte-l1-1-0.dll
0x000007fecfca0000 - 0x000007fecfca3000 	C:\Program Files\jdk-11.0.2\bin\api-ms-win-crt-time-l1-1-0.dll
0x000007fecfcb0000 - 0x000007fecfcb3000 	C:\Program Files\jdk-11.0.2\bin\api-ms-win-crt-filesystem-l1-1-0.dll
0x000007fecfce0000 - 0x000007fecfce3000 	C:\Program Files\jdk-11.0.2\bin\api-ms-win-crt-environment-l1-1-0.dll
0x000007fecfcd0000 - 0x000007fecfcd3000 	C:\Program Files\jdk-11.0.2\bin\api-ms-win-crt-utility-l1-1-0.dll
0x000007fece700000 - 0x000007fecf223000 	C:\Program Files\jdk-11.0.2\bin\server\jvm.dll
0x000007fefe910000 - 0x000007fefe9eb000 	C:\Windows\system32\ADVAPI32.dll
0x000007fefe720000 - 0x000007fefe73f000 	C:\Windows\SYSTEM32\sechost.dll
0x000007fefea10000 - 0x000007fefeb3d000 	C:\Windows\system32\RPCRT4.dll
0x000007fef78a0000 - 0x000007fef78a9000 	C:\Windows\system32\WSOCK32.dll
0x000007fefe850000 - 0x000007fefe89d000 	C:\Windows\system32\WS2_32.dll
0x000007fefdd60000 - 0x000007fefdd68000 	C:\Windows\system32\NSI.dll
0x000007fef8780000 - 0x000007fef87bb000 	C:\Windows\system32\WINMM.dll
0x000007fefca50000 - 0x000007fefca5c000 	C:\Windows\system32\VERSION.dll
0x0000000077cd0000 - 0x0000000077cd7000 	C:\Windows\system32\PSAPI.DLL
0x000007fecfc10000 - 0x000007fecfc21000 	C:\Program Files\jdk-11.0.2\bin\verify.dll
0x000007fef9a70000 - 0x000007fef9b95000 	C:\Windows\system32\DBGHELP.DLL
0x000007fecfc30000 - 0x000007fecfc58000 	C:\Program Files\jdk-11.0.2\bin\java.dll
0x000007fecf820000 - 0x000007fecf836000 	C:\Program Files\jdk-11.0.2\bin\zip.dll
0x000007fecf810000 - 0x000007fecf81a000 	C:\Program Files\jdk-11.0.2\bin\jimage.dll
0x000007fefee40000 - 0x000007feffbca000 	C:\Windows\system32\SHELL32.dll
0x000007fefdf70000 - 0x000007fefe16f000 	C:\Windows\system32\ole32.dll
0x000007fefd680000 - 0x000007fefd68f000 	C:\Windows\system32\profapi.dll
0x000007fecf7f0000 - 0x000007fecf809000 	C:\Program Files\jdk-11.0.2\bin\net.dll
0x000007fefada0000 - 0x000007fefae11000 	C:\Windows\system32\WINHTTP.dll
0x000007fefac00000 - 0x000007fefac64000 	C:\Windows\system32\webio.dll
0x000007fefdde0000 - 0x000007fefdf68000 	C:\Windows\system32\urlmon.dll
0x000007fefd840000 - 0x000007fefd844000 	C:\Windows\system32\api-ms-win-downlevel-ole32-l1-1-0.dll
0x000007fefd810000 - 0x000007fefd814000 	C:\Windows\system32\api-ms-win-downlevel-shlwapi-l1-1-0.dll
0x000007fefd9d0000 - 0x000007fefd9d5000 	C:\Windows\system32\api-ms-win-downlevel-advapi32-l1-1-0.dll
0x000007fefd9e0000 - 0x000007fefd9e4000 	C:\Windows\system32\api-ms-win-downlevel-user32-l1-1-0.dll
0x000007fefda30000 - 0x000007fefda34000 	C:\Windows\system32\api-ms-win-downlevel-version-l1-1-0.dll
0x000007fefd930000 - 0x000007fefd933000 	C:\Windows\system32\api-ms-win-downlevel-normaliz-l1-1-0.dll
0x0000000077ce0000 - 0x0000000077ce3000 	C:\Windows\system32\normaliz.DLL
0x000007fefeb70000 - 0x000007fefee3a000 	C:\Windows\system32\iertutil.dll
0x000007fefe270000 - 0x000007fefe71c000 	C:\Windows\system32\WININET.dll
0x000007fefd940000 - 0x000007fefd95e000 	C:\Windows\system32\USERENV.dll
0x000007fefcdb0000 - 0x000007fefce05000 	C:\Windows\system32\mswsock.dll
0x000007fefce40000 - 0x000007fefce47000 	C:\Windows\System32\wship6.dll
0x000007fecf7d0000 - 0x000007fecf7e3000 	C:\Program Files\jdk-11.0.2\bin\nio.dll
0x000007fefc350000 - 0x000007fefc3b3000 	C:\Users\Margaret\AppData\Local\Temp\lwjglMargaret\3.2.1-build-12\lwjgl.dll
0x000007fefc2f0000 - 0x000007fefc34e000 	C:\Users\Margaret\AppData\Local\Temp\lwjglMargaret\3.2.1-build-12\glfw.dll
0x000007fefc670000 - 0x000007fefc6ac000 	C:\Windows\system32\dinput8.dll
0x0000000002030000 - 0x000000000204e000 	C:\Windows\system32\xinput1_3.dll
0x000007fefdae0000 - 0x000007fefdcb7000 	C:\Windows\system32\SETUPAPI.dll
0x000007fefd8f0000 - 0x000007fefd926000 	C:\Windows\system32\CFGMGR32.dll
0x000007feffd40000 - 0x000007feffe1a000 	C:\Windows\system32\OLEAUT32.dll
0x000007fefd820000 - 0x000007fefd83a000 	C:\Windows\system32\DEVOBJ.dll
0x000007fefb2c0000 - 0x000007fefb2d8000 	C:\Windows\system32\dwmapi.dll
0x000007fefb330000 - 0x000007fefb33b000 	C:\Windows\system32\HID.DLL
0x000007fefd9f0000 - 0x000007fefda2b000 	C:\Windows\system32\WINTRUST.dll
0x000007fefd6a0000 - 0x000007fefd80d000 	C:\Windows\system32\CRYPT32.dll
0x000007fefd690000 - 0x000007fefd69f000 	C:\Windows\system32\MSASN1.dll

dbghelp: loaded successfully - version: 4.0.5 - missing functions: none
symbol engine: initialized successfully - sym options: 0x614 - pdb path: .;C:\Program Files\jdk-11.0.2\bin;C:\Windows\SYSTEM32;C:\Windows\WinSxS\amd64_microsoft.windows.common-controls_6595b64144ccf1df_6.0.7601.18837_none_fa3b1e3d17594757;C:\Program Files\jdk-11.0.2\bin\server;C:\Users\Margaret\AppData\Local\Temp\lwjglMargaret\3.2.1-build-12

VM Arguments:
jvm_args: -Dfile.encoding=UTF-8 --module-path=C:\Users\Margaret\Documents\NetBeansProjects\HardScratch\build\classes 
java_command: hardscratch.HardScratch
java_class_path (initial): D:\programs\netbeans 10\Libraries\LWJGL-3.2.1\lwjgl\lwjgl.jar;D:\programs\netbeans 10\Libraries\LWJGL-3.2.1\lwjgl-glfw\lwjgl-glfw.jar;D:\programs\netbeans 10\Libraries\LWJGL-3.2.1\lwjgl-opengl\lwjgl-opengl.jar;D:\programs\netbeans 10\Libraries\LWJGL-3.2.1\lwjgl-openal\lwjgl-openal.jar;D:\programs\netbeans 10\Libraries\LWJGL-3.2.1\lwjgl\lwjgl-natives-linux.jar;D:\programs\netbeans 10\Libraries\LWJGL-3.2.1\lwjgl\lwjgl-natives-macos.jar;D:\programs\netbeans 10\Libraries\LWJGL-3.2.1\lwjgl\lwjgl-natives-windows.jar;D:\programs\netbeans 10\Libraries\LWJGL-3.2.1\lwjgl-glfw\lwjgl-glfw-natives-linux.jar;D:\programs\netbeans 10\Libraries\LWJGL-3.2.1\lwjgl-glfw\lwjgl-glfw-natives-macos.jar;D:\programs\netbeans 10\Libraries\LWJGL-3.2.1\lwjgl-glfw\lwjgl-glfw-natives-windows.jar;D:\programs\netbeans 10\Libraries\LWJGL-3.2.1\lwjgl-openal\lwjgl-openal-natives-linux.jar;D:\programs\netbeans 10\Libraries\LWJGL-3.2.1\lwjgl-openal\lwjgl-openal-natives-macos.jar;D:\programs\netbeans 10\Libraries\LWJGL-3.2.1\lwjgl-openal\lwjgl-openal-natives-windows.jar;D:\programs\netbeans 10\Libraries\LWJGL-3.2.1\lwjgl-opengl\lwjgl-opengl-natives-linux.jar;D:\programs\netbeans 10\Libraries\LWJGL-3.2.1\lwjgl-opengl\lwjgl-opengl-natives-macos.jar;D:\programs\netbeans 10\Libraries\LWJGL-3.2.1\lwjgl-opengl\lwjgl-opengl-natives-windows.jar;C:\Users\Margaret\Documents\NetBeansProjects\HardScratch\build\classes
Launcher Type: SUN_STANDARD

[Global flags]
     intx CICompilerCount                          = 3                                         {product} {ergonomic}
     uint ConcGCThreads                            = 1                                         {product} {ergonomic}
     uint G1ConcRefinementThreads                  = 4                                         {product} {ergonomic}
   size_t G1HeapRegionSize                         = 1048576                                   {product} {ergonomic}
    uintx GCDrainStackTargetSize                   = 64                                        {product} {ergonomic}
   size_t InitialHeapSize                          = 134217728                                 {product} {ergonomic}
   size_t MarkStackSize                            = 4194304                                   {product} {ergonomic}
   size_t MaxHeapSize                              = 2120220672                                {product} {ergonomic}
   size_t MaxNewSize                               = 1271922688                                {product} {ergonomic}
   size_t MinHeapDeltaBytes                        = 1048576                                   {product} {ergonomic}
    uintx NonNMethodCodeHeapSize                   = 5830092                                {pd product} {ergonomic}
    uintx NonProfiledCodeHeapSize                  = 122914074                              {pd product} {ergonomic}
    uintx ProfiledCodeHeapSize                     = 122914074                              {pd product} {ergonomic}
    uintx ReservedCodeCacheSize                    = 251658240                              {pd product} {ergonomic}
     bool SegmentedCodeCache                       = true                                      {product} {ergonomic}
     bool UseCompressedClassPointers               = true                                 {lp64_product} {ergonomic}
     bool UseCompressedOops                        = true                                 {lp64_product} {ergonomic}
     bool UseG1GC                                  = true                                      {product} {ergonomic}
     bool UseLargePagesIndividualAllocation        = false                                  {pd product} {ergonomic}

Logging:
Log output configuration:
 #0: stdout all=warning uptime,level,tags
 #1: stderr all=off uptime,level,tags

Environment Variables:
PATH=D:\programs\CUDA\DEV\bin;D:\programs\CUDA\DEV\libnvvp;C:\Program Files (x86)\Common Files\Oracle\Java\javapath;C:\Program Files (x86)\Common Files\Intel\Shared Libraries\redist\intel64\compiler;C:\Windows\system32;C:\Windows;C:\Windows\System32\Wbem;C:\Windows\System32\WindowsPowerShell\v1.0\;C:\Program Files (x86)\NVIDIA Corporation\PhysX\Common;C:\Program Files\Microsoft SQL Server\Client SDK\ODBC\110\Tools\Binn\;C:\Program Files (x86)\Microsoft SQL Server\120\Tools\Binn\;C:\Program Files\Microsoft SQL Server\120\Tools\Binn\;C:\Program Files\Microsoft SQL Server\120\DTS\Binn\;D:\programs\Git\cmd;D:\programs\Git\mingw64\bin;D:\programs\Git\usr\bin;D:\programs\Putty\;C:\Program Files\jdk-11.0.2\bin;D:\programs\Fiddler
USERNAME=Margaret
OS=Windows_NT
PROCESSOR_IDENTIFIER=Intel64 Family 6 Model 58 Stepping 9, GenuineIntel



---------------  S Y S T E M  ---------------

OS: Windows 7 , 64 bit Build 7601 (6.1.7601.24354)

CPU:total 4 (initial active 4) (4 cores per cpu, 1 threads per core) family 6 model 58 stepping 9, cmov, cx8, fxsr, mmx, sse, sse2, sse3, ssse3, sse4.1, sse4.2, popcnt, avx, aes, clmul, erms, tsc, tscinvbit, tscinv

Memory: 4k page, system-wide physical 8082M (2741M free)
TotalPageFile size 16163M (AvailPageFile size 9573M)
current process WorkingSet (physical memory assigned to process): 48M, peak: 48M
current process commit charge ("private bytes"): 212M, peak: 212M

vm_info: OpenJDK 64-Bit Server VM (11.0.2+9) for windows-amd64 JRE (11.0.2+9), built on Jan 18 2019 05:23:22 by "mach5one" with MS VC++ 15.5 (VS2017)

END.
